\BOOKMARK [1][-]{section.1}{Introduction}{}% 1
\BOOKMARK [1][-]{section.2}{Methods}{}% 2
\BOOKMARK [2][-]{subsection.2.1}{Camera pixel to world position}{section.2}% 3
\BOOKMARK [2][-]{subsection.2.2}{Faces}{section.2}% 4
\BOOKMARK [3][-]{subsubsection.2.2.1}{Face detection}{subsection.2.2}% 5
\BOOKMARK [3][-]{subsubsection.2.2.2}{Face approaching point computation}{subsection.2.2}% 6
\BOOKMARK [3][-]{subsubsection.2.2.3}{Face classification}{subsection.2.2}% 7
\BOOKMARK [2][-]{subsection.2.3}{Colour classification}{section.2}% 8
\BOOKMARK [2][-]{subsection.2.4}{Rings}{section.2}% 9
\BOOKMARK [3][-]{subsubsection.2.4.1}{Ring detection}{subsection.2.4}% 10
\BOOKMARK [3][-]{subsubsection.2.4.2}{Ring approaching point computation}{subsection.2.4}% 11
\BOOKMARK [3][-]{subsubsection.2.4.3}{Ring colour detection}{subsection.2.4}% 12
\BOOKMARK [2][-]{subsection.2.5}{Cylinder detection}{section.2}% 13
\BOOKMARK [3][-]{subsubsection.2.5.1}{Removal of planes}{subsection.2.5}% 14
\BOOKMARK [3][-]{subsubsection.2.5.2}{Cylinder detection}{subsection.2.5}% 15
\BOOKMARK [3][-]{subsubsection.2.5.3}{Cylinder approaching point computation}{subsection.2.5}% 16
\BOOKMARK [2][-]{subsection.2.6}{Robustification}{section.2}% 17
\BOOKMARK [2][-]{subsection.2.7}{Smart exploration of space}{section.2}% 18
\BOOKMARK [2][-]{subsection.2.8}{Fine movement}{section.2}% 19
\BOOKMARK [3][-]{subsubsection.2.8.1}{Toss-a-coin approaching point}{subsection.2.8}% 20
\BOOKMARK [3][-]{subsubsection.2.8.2}{Pick-up-the-ring approaching point}{subsection.2.8}% 21
\BOOKMARK [2][-]{subsection.2.9}{Robot's behaviour}{section.2}% 22
\BOOKMARK [1][-]{section.3}{Implementation and integration}{}% 23
\BOOKMARK [2][-]{subsection.3.1}{Object detectors}{section.3}% 24
\BOOKMARK [3][-]{subsubsection.3.1.1}{ObjectDetection message}{subsection.3.1}% 25
\BOOKMARK [3][-]{subsubsection.3.1.2}{Face detector node}{subsection.3.1}% 26
\BOOKMARK [3][-]{subsubsection.3.1.3}{Ring detector node}{subsection.3.1}% 27
\BOOKMARK [3][-]{subsubsection.3.1.4}{Cylinder detector node}{subsection.3.1}% 28
\BOOKMARK [2][-]{subsection.3.2}{Robustifier}{section.3}% 29
\BOOKMARK [2][-]{subsection.3.3}{Brain}{section.3}% 30
\BOOKMARK [2][-]{subsection.3.4}{Movement controller}{section.3}% 31
\BOOKMARK [3][-]{subsubsection.3.4.1}{Movement tasks}{subsection.3.4}% 32
\BOOKMARK [2][-]{subsection.3.5}{Greeter}{section.3}% 33
\BOOKMARK [1][-]{section.4}{Results}{}% 34
\BOOKMARK [2][-]{subsection.4.1}{Performance of the robot on the final presentation}{section.4}% 35
\BOOKMARK [2][-]{subsection.4.2}{Face detector}{section.4}% 36
\BOOKMARK [2][-]{subsection.4.3}{Colour classifier}{section.4}% 37
\BOOKMARK [2][-]{subsection.4.4}{Face classifier}{section.4}% 38
\BOOKMARK [1][-]{section.5}{Conclusion}{}% 39
